1538
1538
153
153
309
309
Epoch 1/20
Train Loss: 0.1644, Train Accuracy: 0.10%
Validation Loss: 0.1630, Validation Accuracy: 0.04%
--------------------------------------------------
Epoch 2/20
Train Loss: 0.1570, Train Accuracy: 0.10%
Validation Loss: 0.1619, Validation Accuracy: 0.04%
--------------------------------------------------
Epoch 3/20
Train Loss: 0.1560, Train Accuracy: 0.10%
Validation Loss: 0.1614, Validation Accuracy: 0.04%
--------------------------------------------------
Epoch 4/20
Train Loss: 0.1554, Train Accuracy: 0.10%
Validation Loss: 0.1613, Validation Accuracy: 0.04%
--------------------------------------------------
Epoch 5/20
Train Loss: 0.1552, Train Accuracy: 0.10%
Validation Loss: 0.1609, Validation Accuracy: 0.04%
--------------------------------------------------
Epoch 6/20
Train Loss: 0.1549, Train Accuracy: 0.10%
Validation Loss: 0.1612, Validation Accuracy: 0.04%
--------------------------------------------------
Epoch 7/20
Train Loss: 0.1549, Train Accuracy: 0.10%
Validation Loss: 0.1607, Validation Accuracy: 0.04%
--------------------------------------------------
Epoch 8/20
Train Loss: 0.1547, Train Accuracy: 0.10%
Validation Loss: 0.1607, Validation Accuracy: 0.04%
--------------------------------------------------
Epoch 9/20
Train Loss: 0.1546, Train Accuracy: 0.10%
Validation Loss: 0.1607, Validation Accuracy: 0.04%
--------------------------------------------------
Epoch 10/20
Train Loss: 0.1544, Train Accuracy: 0.10%
Validation Loss: 0.1605, Validation Accuracy: 0.04%
--------------------------------------------------
Epoch 11/20
Train Loss: 0.1544, Train Accuracy: 0.10%
Validation Loss: 0.1623, Validation Accuracy: 0.04%
--------------------------------------------------
Epoch 12/20
Train Loss: 0.1543, Train Accuracy: 0.10%
Validation Loss: 0.1605, Validation Accuracy: 0.04%
--------------------------------------------------
Epoch 13/20
Train Loss: 0.1543, Train Accuracy: 0.10%
Validation Loss: 0.1605, Validation Accuracy: 0.04%
--------------------------------------------------
Epoch 14/20
Train Loss: 0.1543, Train Accuracy: 0.10%
Validation Loss: 0.1609, Validation Accuracy: 0.04%
--------------------------------------------------
Epoch 15/20
Train Loss: 0.1542, Train Accuracy: 0.10%
Validation Loss: 0.1604, Validation Accuracy: 0.04%
--------------------------------------------------
Epoch 16/20
Train Loss: 0.1542, Train Accuracy: 0.10%
Validation Loss: 0.1603, Validation Accuracy: 0.04%
--------------------------------------------------
Epoch 17/20
Train Loss: 0.1541, Train Accuracy: 0.10%
Validation Loss: 0.1604, Validation Accuracy: 0.04%
--------------------------------------------------
Epoch 18/20
Train Loss: 0.1542, Train Accuracy: 0.10%
Validation Loss: 0.1603, Validation Accuracy: 0.04%
--------------------------------------------------
Epoch 19/20
Train Loss: 0.1541, Train Accuracy: 0.10%
Validation Loss: 0.1603, Validation Accuracy: 0.04%
--------------------------------------------------
Epoch 20/20
Train Loss: 0.1541, Train Accuracy: 0.10%
Validation Loss: 0.1606, Validation Accuracy: 0.04%
--------------------------------------------------
Training complete.
Best validation accuracy: 0.04%
Test Accuracy: 0.17%
