1538
1538
153
153
309
309
Epoch 1/20
Train Loss: 0.0092, Train Accuracy: 0.89%
Validation Loss: 0.0025, Validation Accuracy: 0.04%
--------------------------------------------------
Epoch 2/20
Train Loss: 0.0036, Train Accuracy: 0.89%
Validation Loss: 0.0015, Validation Accuracy: 0.04%
--------------------------------------------------
Epoch 3/20
Train Loss: 0.0028, Train Accuracy: 0.89%
Validation Loss: 0.0012, Validation Accuracy: 0.04%
--------------------------------------------------
Epoch 4/20
Train Loss: 0.0024, Train Accuracy: 0.89%
Validation Loss: 0.0011, Validation Accuracy: 0.04%
--------------------------------------------------
Epoch 5/20
Train Loss: 0.0021, Train Accuracy: 0.89%
Validation Loss: 0.0011, Validation Accuracy: 0.04%
--------------------------------------------------
Epoch 6/20
Train Loss: 0.0019, Train Accuracy: 0.89%
Validation Loss: 0.0011, Validation Accuracy: 0.04%
--------------------------------------------------
Epoch 7/20
Train Loss: 0.0018, Train Accuracy: 0.89%
Validation Loss: 0.0010, Validation Accuracy: 0.04%
--------------------------------------------------
Epoch 8/20
Train Loss: 0.0017, Train Accuracy: 0.89%
Validation Loss: 0.0010, Validation Accuracy: 0.04%
--------------------------------------------------
Epoch 9/20
Train Loss: 0.0016, Train Accuracy: 0.89%
Validation Loss: 0.0009, Validation Accuracy: 0.04%
--------------------------------------------------
Epoch 10/20
Train Loss: 0.0015, Train Accuracy: 0.89%
Validation Loss: 0.0009, Validation Accuracy: 0.04%
--------------------------------------------------
Epoch 11/20
Train Loss: 0.0015, Train Accuracy: 0.89%
Validation Loss: 0.0009, Validation Accuracy: 0.04%
--------------------------------------------------
Epoch 12/20
Train Loss: 0.0014, Train Accuracy: 0.89%
Validation Loss: 0.0009, Validation Accuracy: 0.04%
--------------------------------------------------
Epoch 13/20
Train Loss: 0.0014, Train Accuracy: 0.89%
Validation Loss: 0.0008, Validation Accuracy: 0.04%
--------------------------------------------------
Epoch 14/20
Train Loss: 0.0013, Train Accuracy: 0.89%
Validation Loss: 0.0008, Validation Accuracy: 0.04%
--------------------------------------------------
Epoch 15/20
Train Loss: 0.0013, Train Accuracy: 0.89%
Validation Loss: 0.0008, Validation Accuracy: 0.04%
--------------------------------------------------
Epoch 16/20
Train Loss: 0.0012, Train Accuracy: 0.89%
Validation Loss: 0.0008, Validation Accuracy: 0.04%
--------------------------------------------------
Epoch 17/20
Train Loss: 0.0012, Train Accuracy: 0.89%
Validation Loss: 0.0007, Validation Accuracy: 0.04%
--------------------------------------------------
Epoch 18/20
Train Loss: 0.0012, Train Accuracy: 0.89%
Validation Loss: 0.0007, Validation Accuracy: 0.04%
--------------------------------------------------
Epoch 19/20
Train Loss: 0.0011, Train Accuracy: 0.89%
Validation Loss: 0.0007, Validation Accuracy: 0.04%
--------------------------------------------------
Epoch 20/20
Train Loss: 0.0011, Train Accuracy: 0.89%
Validation Loss: 0.0007, Validation Accuracy: 0.04%
--------------------------------------------------
Training complete.
Best validation accuracy: 0.04%
Test Accuracy: 0.17%
Test Loss: 0.00%
